<?xml version="1.0" encoding="UTF-8"?>
<testng-results ignored="0" total="1" passed="1" failed="0" skipped="0">
  <reporter-output>
  </reporter-output>
  <suite started-at="2025-11-01T09:40:00 IST" name="Default suite" finished-at="2025-11-01T09:40:05 IST" duration-ms="4899">
    <groups>
    </groups>
    <test started-at="2025-11-01T09:40:00 IST" name="Default test" finished-at="2025-11-01T09:40:05 IST" duration-ms="4899">
      <class name="Test.NewTest">
        <test-method signature="f()[pri:0, instance:Test.NewTest@1139b2f3]" started-at="2025-11-01T09:40:00 IST" name="f" finished-at="2025-11-01T09:40:05 IST" duration-ms="4818" status="PASS">
          <reporter-output>
          </reporter-output>
        </test-method> <!-- f -->
      </class> <!-- Test.NewTest -->
    </test> <!-- Default test -->
  </suite> <!-- Default suite -->
</testng-results>
